20-Jun-2022 15:36:39.293 INFO [http-nio-8080-exec-3] org.apache.catalina.core.ApplicationContext.log Manager: init: Associated with Deployer 'Catalina:type=Deployer,host=localhost'
20-Jun-2022 15:36:39.293 INFO [http-nio-8080-exec-3] org.apache.catalina.core.ApplicationContext.log Manager: init: Global resources are available
20-Jun-2022 15:36:47.944 INFO [http-nio-8080-exec-5] org.apache.catalina.core.ApplicationContext.log HTMLManager: init: Associated with Deployer 'Catalina:type=Deployer,host=localhost'
20-Jun-2022 15:36:47.944 INFO [http-nio-8080-exec-5] org.apache.catalina.core.ApplicationContext.log HTMLManager: init: Global resources are available
20-Jun-2022 15:36:47.951 INFO [http-nio-8080-exec-5] org.apache.catalina.core.ApplicationContext.log HTMLManager: list: Listing contexts for virtual host 'localhost'
20-Jun-2022 22:00:42.707 INFO [http-nio-8080-exec-10] org.apache.catalina.core.ApplicationContext.log HTMLManager: init: Associated with Deployer 'Catalina:type=Deployer,host=localhost'
20-Jun-2022 22:00:42.707 INFO [http-nio-8080-exec-10] org.apache.catalina.core.ApplicationContext.log HTMLManager: init: Global resources are available
20-Jun-2022 22:00:42.717 INFO [http-nio-8080-exec-10] org.apache.catalina.core.ApplicationContext.log HTMLManager: list: Listing contexts for virtual host 'localhost'
20-Jun-2022 22:01:35.510 INFO [http-nio-8080-exec-11] org.apache.catalina.core.ApplicationContext.log HTMLManager: list: Listing contexts for virtual host 'localhost'
20-Jun-2022 22:04:37.139 INFO [http-nio-8080-exec-11] org.apache.catalina.core.ApplicationContext.log HTMLManager: list: Listing contexts for virtual host 'localhost'
20-Jun-2022 22:04:45.665 INFO [http-nio-8080-exec-13] org.apache.catalina.core.ApplicationContext.log HTMLManager: list: Listing contexts for virtual host 'localhost'
20-Jun-2022 22:04:55.576 INFO [http-nio-8080-exec-18] org.apache.catalina.core.ApplicationContext.log HTMLManager: undeploy: Undeploying web application at '/MavenWebProject'
20-Jun-2022 22:04:56.111 INFO [http-nio-8080-exec-18] org.apache.catalina.core.ApplicationContext.log HTMLManager: list: Listing contexts for virtual host 'localhost'
20-Jun-2022 22:04:58.325 INFO [http-nio-8080-exec-14] org.apache.catalina.core.ApplicationContext.log HTMLManager: list: Listing contexts for virtual host 'localhost'
20-Jun-2022 22:05:05.548 INFO [http-nio-8080-exec-17] org.apache.catalina.core.ApplicationContext.log HTMLManager: list: Listing contexts for virtual host 'localhost'
20-Jun-2022 22:05:59.254 INFO [http-nio-8080-exec-21] org.apache.catalina.core.ApplicationContext.log HTMLManager: undeploy: Undeploying web application at '/MavenWebProject'
20-Jun-2022 22:05:59.786 INFO [http-nio-8080-exec-21] org.apache.catalina.core.ApplicationContext.log HTMLManager: list: Listing contexts for virtual host 'localhost'
20-Jun-2022 22:06:04.218 INFO [http-nio-8080-exec-24] org.apache.catalina.core.ApplicationContext.log HTMLManager: list: Listing contexts for virtual host 'localhost'
20-Jun-2022 22:10:39.286 INFO [http-nio-8080-exec-29] org.apache.catalina.core.ApplicationContext.log HTMLManager: undeploy: Undeploying web application at '/MavenWebProject'
20-Jun-2022 22:10:39.806 INFO [http-nio-8080-exec-29] org.apache.catalina.core.ApplicationContext.log HTMLManager: list: Listing contexts for virtual host 'localhost'
20-Jun-2022 22:10:45.223 INFO [http-nio-8080-exec-27] org.apache.catalina.core.ApplicationContext.log HTMLManager: list: Listing contexts for virtual host 'localhost'
20-Jun-2022 22:10:49.993 INFO [http-nio-8080-exec-30] org.apache.catalina.core.ApplicationContext.log HTMLManager: list: Listing contexts for virtual host 'localhost'
20-Jun-2022 22:23:13.030 INFO [http-nio-8080-exec-8] org.apache.catalina.core.ApplicationContext.log HTMLManager: init: Associated with Deployer 'Catalina:type=Deployer,host=localhost'
20-Jun-2022 22:23:13.030 INFO [http-nio-8080-exec-8] org.apache.catalina.core.ApplicationContext.log HTMLManager: init: Global resources are available
20-Jun-2022 22:23:13.033 INFO [http-nio-8080-exec-8] org.apache.catalina.core.ApplicationContext.log HTMLManager: list: Listing contexts for virtual host 'localhost'
20-Jun-2022 22:30:15.810 INFO [http-nio-8080-exec-1] org.apache.catalina.core.ApplicationContext.log HTMLManager: init: Associated with Deployer 'Catalina:type=Deployer,host=localhost'
20-Jun-2022 22:30:15.811 INFO [http-nio-8080-exec-1] org.apache.catalina.core.ApplicationContext.log HTMLManager: init: Global resources are available
20-Jun-2022 22:30:15.819 INFO [http-nio-8080-exec-1] org.apache.catalina.core.ApplicationContext.log HTMLManager: list: Listing contexts for virtual host 'localhost'
20-Jun-2022 22:42:30.665 INFO [http-nio-8080-exec-10] org.apache.catalina.core.ApplicationContext.log HTMLManager: undeploy: Undeploying web application at '/MavenWebProject'
20-Jun-2022 22:42:31.198 INFO [http-nio-8080-exec-10] org.apache.catalina.core.ApplicationContext.log HTMLManager: list: Listing contexts for virtual host 'localhost'
20-Jun-2022 22:42:33.787 INFO [http-nio-8080-exec-5] org.apache.catalina.core.ApplicationContext.log HTMLManager: list: Listing contexts for virtual host 'localhost'
20-Jun-2022 22:42:42.252 INFO [http-nio-8080-exec-4] org.apache.catalina.core.ApplicationContext.log HTMLManager: list: Listing contexts for virtual host 'localhost'
20-Jun-2022 22:44:11.578 INFO [http-nio-8080-exec-12] org.apache.catalina.core.ApplicationContext.log HTMLManager: undeploy: Undeploying web application at '/MavenWebProject'
20-Jun-2022 22:44:12.095 INFO [http-nio-8080-exec-12] org.apache.catalina.core.ApplicationContext.log HTMLManager: list: Listing contexts for virtual host 'localhost'
20-Jun-2022 22:44:17.161 INFO [http-nio-8080-exec-17] org.apache.catalina.core.ApplicationContext.log HTMLManager: list: Listing contexts for virtual host 'localhost'
20-Jun-2022 22:46:06.038 INFO [http-nio-8080-exec-21] org.apache.catalina.core.ApplicationContext.log HTMLManager: undeploy: Undeploying web application at '/MavenWebProject'
20-Jun-2022 22:46:06.551 INFO [http-nio-8080-exec-21] org.apache.catalina.core.ApplicationContext.log HTMLManager: list: Listing contexts for virtual host 'localhost'
20-Jun-2022 22:46:11.222 INFO [http-nio-8080-exec-30] org.apache.catalina.core.ApplicationContext.log HTMLManager: list: Listing contexts for virtual host 'localhost'
20-Jun-2022 22:56:06.394 INFO [http-nio-8080-exec-31] org.apache.catalina.core.ApplicationContext.log HTMLManager: list: Listing contexts for virtual host 'localhost'
20-Jun-2022 22:56:09.153 INFO [http-nio-8080-exec-32] org.apache.catalina.core.ApplicationContext.log HTMLManager: undeploy: Undeploying web application at '/MavenWebProject'
20-Jun-2022 22:56:09.689 INFO [http-nio-8080-exec-32] org.apache.catalina.core.ApplicationContext.log HTMLManager: list: Listing contexts for virtual host 'localhost'
20-Jun-2022 22:56:17.633 INFO [http-nio-8080-exec-31] org.apache.catalina.core.ApplicationContext.log HTMLManager: list: Listing contexts for virtual host 'localhost'
20-Jun-2022 23:11:21.085 INFO [http-nio-8080-exec-41] org.apache.catalina.core.ApplicationContext.log HTMLManager: undeploy: Undeploying web application at '/MavenWebProject'
20-Jun-2022 23:11:21.629 INFO [http-nio-8080-exec-41] org.apache.catalina.core.ApplicationContext.log HTMLManager: list: Listing contexts for virtual host 'localhost'
20-Jun-2022 23:11:29.179 INFO [http-nio-8080-exec-46] org.apache.catalina.core.ApplicationContext.log HTMLManager: list: Listing contexts for virtual host 'localhost'
20-Jun-2022 23:14:06.899 INFO [http-nio-8080-exec-51] org.apache.catalina.core.ApplicationContext.log HTMLManager: undeploy: Undeploying web application at '/MavenWebProject'
20-Jun-2022 23:14:07.438 INFO [http-nio-8080-exec-51] org.apache.catalina.core.ApplicationContext.log HTMLManager: list: Listing contexts for virtual host 'localhost'
20-Jun-2022 23:14:09.170 INFO [http-nio-8080-exec-52] org.apache.catalina.core.ApplicationContext.log HTMLManager: list: Listing contexts for virtual host 'localhost'
20-Jun-2022 23:14:13.963 INFO [http-nio-8080-exec-58] org.apache.catalina.core.ApplicationContext.log HTMLManager: list: Listing contexts for virtual host 'localhost'
20-Jun-2022 23:54:21.580 INFO [http-nio-8080-exec-6] org.apache.catalina.core.ApplicationContext.log HTMLManager: init: Associated with Deployer 'Catalina:type=Deployer,host=localhost'
20-Jun-2022 23:54:21.580 INFO [http-nio-8080-exec-6] org.apache.catalina.core.ApplicationContext.log HTMLManager: init: Global resources are available
20-Jun-2022 23:54:21.583 INFO [http-nio-8080-exec-6] org.apache.catalina.core.ApplicationContext.log HTMLManager: list: Listing contexts for virtual host 'localhost'
20-Jun-2022 23:54:28.908 INFO [http-nio-8080-exec-9] org.apache.catalina.core.ApplicationContext.log HTMLManager: undeploy: Undeploying web application at '/MavenWebProject'
20-Jun-2022 23:54:29.449 INFO [http-nio-8080-exec-9] org.apache.catalina.core.ApplicationContext.log HTMLManager: list: Listing contexts for virtual host 'localhost'
20-Jun-2022 23:55:10.628 INFO [http-nio-8080-exec-6] org.apache.catalina.core.ApplicationContext.log HTMLManager: undeploy: Undeploying web application at '/MavenWebProject'
20-Jun-2022 23:55:10.629 INFO [http-nio-8080-exec-6] org.apache.catalina.core.ApplicationContext.log HTMLManager: list: Listing contexts for virtual host 'localhost'
20-Jun-2022 23:59:24.401 INFO [http-nio-8080-exec-19] org.apache.catalina.core.ApplicationContext.log HTMLManager: undeploy: Undeploying web application at '/MavenWebProject'
20-Jun-2022 23:59:24.402 INFO [http-nio-8080-exec-19] org.apache.catalina.core.ApplicationContext.log HTMLManager: list: Listing contexts for virtual host 'localhost'
